#
# There is insufficient memory for the Java Runtime Environment to continue.
# Native memory allocation (malloc) failed to allocate 881376 bytes for Chunk::new
# Possible reasons:
#   The system is out of physical RAM or swap space
#   The process is running with CompressedOops enabled, and the Java Heap may be blocking the growth of the native heap
# Possible solutions:
#   Reduce memory load on the system
#   Increase physical memory or swap space
#   Check if swap backing store is full
#   Decrease Java heap size (-Xmx/-Xms)
#   Decrease number of Java threads
#   Decrease Java thread stack sizes (-Xss)
#   Set larger code cache with -XX:ReservedCodeCacheSize=
#   JVM is running with Unscaled Compressed Oops mode in which the Java heap is
#     placed in the first 4GB address space. The Java Heap base address is the
#     maximum limit for the native heap growth. Please use -XX:HeapBaseMinAddress
#     to set the Java Heap base and to place the Java Heap above 4GB virtual address.
# This output file may be truncated or incomplete.
#
#  Out of Memory Error (./src/hotspot/share/memory/arena.cpp:197), pid=16824, tid=16936
#
# JRE version: OpenJDK Runtime Environment (11.0.11+9) (build 11.0.11+9-b60-7590822)
# Java VM: OpenJDK 64-Bit Server VM (11.0.11+9-b60-7590822, mixed mode, tiered, compressed oops, g1 gc, windows-amd64)
# No core dump will be written. Minidumps are not enabled by default on client versions of Windows
#

---------------  S U M M A R Y ------------

Command Line: --add-opens=java.base/java.util=ALL-UNNAMED --add-opens=java.base/java.lang=ALL-UNNAMED --add-opens=java.base/java.lang.invoke=ALL-UNNAMED --add-opens=java.base/java.util=ALL-UNNAMED --add-opens=java.prefs/java.util.prefs=ALL-UNNAMED --add-opens=java.prefs/java.util.prefs=ALL-UNNAMED --add-opens=java.base/java.nio.charset=ALL-UNNAMED --add-opens=java.base/java.net=ALL-UNNAMED --add-opens=java.base/java.util.concurrent.atomic=ALL-UNNAMED -Xmx1536m -Dfile.encoding=windows-1252 -Duser.country=US -Duser.language=en -Duser.variant org.gradle.launcher.daemon.bootstrap.GradleDaemon 7.2

Host: 11th Gen Intel(R) Core(TM) i5-11600K @ 3.90GHz, 12 cores, 15G,  Windows 10 , 64 bit Build 19041 (10.0.19041.1503)
Time: Mon Feb 28 17:01:03 2022 Bangladesh Standard Time elapsed time: 11.939799 seconds (0d 0h 0m 11s)

---------------  T H R E A D  ---------------

Current thread (0x000002702d30c800):  JavaThread "C2 CompilerThread0" daemon [_thread_in_native, id=16936, stack(0x000000c53d600000,0x000000c53d700000)]


Current CompileTask:
C2:  11939 6117       4       java.lang.String::split (324 bytes)

Stack: [0x000000c53d600000,0x000000c53d700000]
Native frames: (J=compiled Java code, j=interpreted, Vv=VM code, C=native code)
V  [jvm.dll+0x5f214a]
V  [jvm.dll+0x726fb5]
V  [jvm.dll+0x7285cd]
V  [jvm.dll+0x728c83]
V  [jvm.dll+0x243278]
V  [jvm.dll+0xbc53c]
V  [jvm.dll+0xbca3c]
V  [jvm.dll+0x2b5c34]
V  [jvm.dll+0x508488]
V  [jvm.dll+0x203d53]
V  [jvm.dll+0x1fdbac]
V  [jvm.dll+0x1fb35f]
V  [jvm.dll+0x183d6c]
V  [jvm.dll+0x209a57]
V  [jvm.dll+0x2082a1]
V  [jvm.dll+0x6ef58f]
V  [jvm.dll+0x6e80b5]
V  [jvm.dll+0x5f1036]
C  [ucrtbase.dll+0x21bb2]
C  [KERNEL32.DLL+0x17034]
C  [ntdll.dll+0x52651]


---------------  P R O C E S S  ---------------

Threads class SMR info:
_java_thread_list=0x0000027033fe2fc0, length=48, elements={
0x0000027012cad800, 0x000002702d282800, 0x000002702d2ae800, 0x000002702d306800,
0x000002702d307800, 0x000002702d309800, 0x000002702d30c800, 0x000002702d318000,
0x000002702d319000, 0x000002702d482000, 0x000002702ef47800, 0x000002702e3ad800,
0x000002702ebe9800, 0x0000027030531000, 0x000002702f551800, 0x000002702ee16800,
0x000002702e340800, 0x000002702e341800, 0x000002702d9d6800, 0x000002702fe33800,
0x000002702fe32800, 0x000002702fe32000, 0x000002702fe34800, 0x000002702fe2e800,
0x000002702fe31000, 0x000002702fe35000, 0x000002702fe2f800, 0x000002702fe30000,
0x0000027030477800, 0x0000027030476000, 0x0000027030473000, 0x0000027030478800,
0x0000027030477000, 0x0000027030479800, 0x0000027030475800, 0x0000027030473800,
0x000002703047a000, 0x0000027030474800, 0x000002703047f000, 0x000002703047d800,
0x000002703047c800, 0x000002703047b000, 0x000002703047e800, 0x0000027030480800,
0x000002703047c000, 0x000002703414b800, 0x000002703414a000, 0x000002702d939000
}

Java Threads: ( => current thread )
  0x0000027012cad800 JavaThread "main" [_thread_blocked, id=16888, stack(0x000000c53ca00000,0x000000c53cb00000)]
  0x000002702d282800 JavaThread "Reference Handler" daemon [_thread_blocked, id=16916, stack(0x000000c53d100000,0x000000c53d200000)]
  0x000002702d2ae800 JavaThread "Finalizer" daemon [_thread_blocked, id=16920, stack(0x000000c53d200000,0x000000c53d300000)]
  0x000002702d306800 JavaThread "Signal Dispatcher" daemon [_thread_blocked, id=16924, stack(0x000000c53d300000,0x000000c53d400000)]
  0x000002702d307800 JavaThread "Attach Listener" daemon [_thread_blocked, id=16928, stack(0x000000c53d400000,0x000000c53d500000)]
  0x000002702d309800 JavaThread "Service Thread" daemon [_thread_blocked, id=16932, stack(0x000000c53d500000,0x000000c53d600000)]
=>0x000002702d30c800 JavaThread "C2 CompilerThread0" daemon [_thread_in_native, id=16936, stack(0x000000c53d600000,0x000000c53d700000)]
  0x000002702d318000 JavaThread "C1 CompilerThread0" daemon [_thread_blocked, id=16940, stack(0x000000c53d700000,0x000000c53d800000)]
  0x000002702d319000 JavaThread "Sweeper thread" daemon [_thread_blocked, id=16944, stack(0x000000c53d800000,0x000000c53d900000)]
  0x000002702d482000 JavaThread "Common-Cleaner" daemon [_thread_blocked, id=16948, stack(0x000000c53d900000,0x000000c53da00000)]
  0x000002702ef47800 JavaThread "Daemon health stats" [_thread_blocked, id=16984, stack(0x000000c53e200000,0x000000c53e300000)]
  0x000002702e3ad800 JavaThread "Incoming local TCP Connector on port 60327" [_thread_in_native, id=16988, stack(0x000000c53e300000,0x000000c53e400000)]
  0x000002702ebe9800 JavaThread "Daemon periodic checks" [_thread_blocked, id=16992, stack(0x000000c53e400000,0x000000c53e500000)]
  0x0000027030531000 JavaThread "Daemon" [_thread_blocked, id=16996, stack(0x000000c53e500000,0x000000c53e600000)]
  0x000002702f551800 JavaThread "Handler for socket connection from /127.0.0.1:60327 to /127.0.0.1:60328" [_thread_in_native, id=17000, stack(0x000000c53e600000,0x000000c53e700000)]
  0x000002702ee16800 JavaThread "Cancel handler" [_thread_blocked, id=17004, stack(0x000000c53e700000,0x000000c53e800000)]
  0x000002702e340800 JavaThread "Daemon worker" [_thread_in_native, id=17008, stack(0x000000c53e800000,0x000000c53e900000)]
  0x000002702e341800 JavaThread "Asynchronous log dispatcher for DefaultDaemonConnection: socket connection from /127.0.0.1:60327 to /127.0.0.1:60328" [_thread_blocked, id=17020, stack(0x000000c53e900000,0x000000c53ea00000)]
  0x000002702d9d6800 JavaThread "Stdin handler" [_thread_blocked, id=17024, stack(0x000000c53ea00000,0x000000c53eb00000)]
  0x000002702fe33800 JavaThread "Daemon client event forwarder" [_thread_blocked, id=17028, stack(0x000000c53eb00000,0x000000c53ec00000)]
  0x000002702fe32800 JavaThread "Cache worker for journal cache (F:\Android\GRADLE\caches\journal-1)" [_thread_blocked, id=17032, stack(0x000000c53ec00000,0x000000c53ed00000)]
  0x000002702fe32000 JavaThread "File lock request listener" [_thread_in_native, id=17036, stack(0x000000c53ed00000,0x000000c53ee00000)]
  0x000002702fe34800 JavaThread "Cache worker for file hash cache (F:\Android\GRADLE\caches\7.2\fileHashes)" [_thread_blocked, id=17064, stack(0x000000c53f400000,0x000000c53f500000)]
  0x000002702fe2e800 JavaThread "Cache worker for file hash cache (H:\My Projects and Source Code\Backup Project\NJPSMultimedia\.gradle\7.2\fileHashes)" [_thread_blocked, id=17068, stack(0x000000c53f500000,0x000000c53f600000)]
  0x000002702fe31000 JavaThread "File watcher server" daemon [_thread_in_native, id=17072, stack(0x000000c53f600000,0x000000c53f700000)]
  0x000002702fe35000 JavaThread "File watcher consumer" daemon [_thread_blocked, id=17076, stack(0x000000c53f700000,0x000000c53f800000)]
  0x000002702fe2f800 JavaThread "jar transforms" [_thread_blocked, id=17080, stack(0x000000c53f800000,0x000000c53f900000)]
  0x000002702fe30000 JavaThread "jar transforms Thread 2" [_thread_blocked, id=17084, stack(0x000000c53f900000,0x000000c53fa00000)]
  0x0000027030477800 JavaThread "jar transforms Thread 3" [_thread_blocked, id=17088, stack(0x000000c53fa00000,0x000000c53fb00000)]
  0x0000027030476000 JavaThread "jar transforms Thread 4" [_thread_blocked, id=17092, stack(0x000000c53fb00000,0x000000c53fc00000)]
  0x0000027030473000 JavaThread "jar transforms Thread 5" [_thread_blocked, id=17096, stack(0x000000c53fc00000,0x000000c53fd00000)]
  0x0000027030478800 JavaThread "jar transforms Thread 6" [_thread_blocked, id=17100, stack(0x000000c53fd00000,0x000000c53fe00000)]
  0x0000027030477000 JavaThread "jar transforms Thread 7" [_thread_blocked, id=17104, stack(0x000000c53fe00000,0x000000c53ff00000)]
  0x0000027030479800 JavaThread "jar transforms Thread 8" [_thread_blocked, id=17108, stack(0x000000c53ff00000,0x000000c540000000)]
  0x0000027030475800 JavaThread "jar transforms Thread 9" [_thread_blocked, id=17112, stack(0x000000c540000000,0x000000c540100000)]
  0x0000027030473800 JavaThread "jar transforms Thread 10" [_thread_blocked, id=17116, stack(0x000000c540100000,0x000000c540200000)]
  0x000002703047a000 JavaThread "jar transforms Thread 11" [_thread_blocked, id=17120, stack(0x000000c540200000,0x000000c540300000)]
  0x0000027030474800 JavaThread "jar transforms Thread 12" [_thread_blocked, id=17124, stack(0x000000c540300000,0x000000c540400000)]
  0x000002703047f000 JavaThread "Cache worker for checksums cache (H:\My Projects and Source Code\Backup Project\NJPSMultimedia\.gradle\checksums)" [_thread_blocked, id=17136, stack(0x000000c540400000,0x000000c540500000)]
  0x000002703047d800 JavaThread "Cache worker for cache directory md-supplier (F:\Android\GRADLE\caches\7.2\md-supplier)" [_thread_blocked, id=17140, stack(0x000000c540500000,0x000000c540600000)]
  0x000002703047c800 JavaThread "Cache worker for cache directory md-rule (F:\Android\GRADLE\caches\7.2\md-rule)" [_thread_blocked, id=17144, stack(0x000000c540600000,0x000000c540700000)]
  0x000002703047b000 JavaThread "Cache worker for execution history cache (F:\Android\GRADLE\caches\7.2\executionHistory)" [_thread_blocked, id=17148, stack(0x000000c540700000,0x000000c540800000)]
  0x000002703047e800 JavaThread "Cache worker for file content cache (F:\Android\GRADLE\caches\7.2\fileContent)" [_thread_blocked, id=17152, stack(0x000000c540800000,0x000000c540900000)]
  0x0000027030480800 JavaThread "Cache worker for dependencies-accessors (H:\My Projects and Source Code\Backup Project\NJPSMultimedia\.gradle\7.2\dependencies-accessors)" [_thread_blocked, id=17156, stack(0x000000c540900000,0x000000c540a00000)]
  0x000002703047c000 JavaThread "Cache worker for Build Output Cleanup Cache (H:\My Projects and Source Code\Backup Project\NJPSMultimedia\.gradle\buildOutputCleanup)" [_thread_blocked, id=17160, stack(0x000000c540a00000,0x000000c540b00000)]
  0x000002703414b800 JavaThread "Unconstrained build operations" [_thread_in_native, id=17164, stack(0x000000c540b00000,0x000000c540c00000)]
  0x000002703414a000 JavaThread "Unconstrained build operations Thread 2" [_thread_blocked, id=17168, stack(0x000000c540c00000,0x000000c540d00000)]
  0x000002702d939000 JavaThread "C2 CompilerThread1" daemon [_thread_in_native, id=17228, stack(0x000000c53dc00000,0x000000c53dd00000)]

Other Threads:
  0x000002702d27f000 VMThread "VM Thread" [stack: 0x000000c53d000000,0x000000c53d100000] [id=16912]
  0x000002702d48c000 WatcherThread [stack: 0x000000c53da00000,0x000000c53db00000] [id=16952]
  0x0000027012cc3800 GCTaskThread "GC Thread#0" [stack: 0x000000c53cb00000,0x000000c53cc00000] [id=16892]
  0x000002702ead9800 GCTaskThread "GC Thread#1" [stack: 0x000000c53dd00000,0x000000c53de00000] [id=16964]
  0x000002702dbe1800 GCTaskThread "GC Thread#2" [stack: 0x000000c53de00000,0x000000c53df00000] [id=16968]
  0x000002702daf4800 GCTaskThread "GC Thread#3" [stack: 0x000000c53df00000,0x000000c53e000000] [id=16972]
  0x000002702e1bc800 GCTaskThread "GC Thread#4" [stack: 0x000000c53e000000,0x000000c53e100000] [id=16976]
  0x000002702e470800 GCTaskThread "GC Thread#5" [stack: 0x000000c53e100000,0x000000c53e200000] [id=16980]
  0x000002702d9d7800 GCTaskThread "GC Thread#6" [stack: 0x000000c53ee00000,0x000000c53ef00000] [id=17040]
  0x000002702eef9800 GCTaskThread "GC Thread#7" [stack: 0x000000c53ef00000,0x000000c53f000000] [id=17044]
  0x000002702eee9800 GCTaskThread "GC Thread#8" [stack: 0x000000c53f000000,0x000000c53f100000] [id=17048]
  0x000002702e336800 GCTaskThread "GC Thread#9" [stack: 0x000000c53f100000,0x000000c53f200000] [id=17052]
  0x0000027012ced000 ConcurrentGCThread "G1 Main Marker" [stack: 0x000000c53cc00000,0x000000c53cd00000] [id=16896]
  0x0000027012cee000 ConcurrentGCThread "G1 Conc#0" [stack: 0x000000c53cd00000,0x000000c53ce00000] [id=16900]
  0x000002702e78a000 ConcurrentGCThread "G1 Conc#1" [stack: 0x000000c53f200000,0x000000c53f300000] [id=17056]
  0x000002702f90d000 ConcurrentGCThread "G1 Conc#2" [stack: 0x000000c53f300000,0x000000c53f400000] [id=17060]
  0x000002702c8e0800 ConcurrentGCThread "G1 Refine#0" [stack: 0x000000c53ce00000,0x000000c53cf00000] [id=16904]
  0x000002702c8e3000 ConcurrentGCThread "G1 Young RemSet Sampling" [stack: 0x000000c53cf00000,0x000000c53d000000] [id=16908]

Threads with active compile tasks:
C2 CompilerThread0  11945 6117       4       java.lang.String::split (324 bytes)
C2 CompilerThread1  11945 6113       4       sun.security.util.AbstractAlgorithmConstraints::checkAlgorithm (140 bytes)

VM state:not at safepoint (normal execution)

VM Mutex/Monitor currently owned by a thread: None

Heap address: 0x00000000a0000000, size: 1536 MB, Compressed Oops mode: 32-bit
Narrow klass base: 0x0000000000000000, Narrow klass shift: 3
Compressed class space size: 1073741824 Address: 0x0000000100000000

Heap:
 garbage-first heap   total 260096K, used 79122K [0x00000000a0000000, 0x0000000100000000)
  region size 1024K, 31 young (31744K), 14 survivors (14336K)
 Metaspace       used 61035K, capacity 62849K, committed 63176K, reserved 1103872K
  class space    used 7863K, capacity 8470K, committed 8576K, reserved 1048576K
Heap Regions: E=young(eden), S=young(survivor), O=old, HS=humongous(starts), HC=humongous(continues), CS=collection set, F=free, A=archive, TAMS=top-at-mark-start (previous, next)
|   0|0x00000000a0000000, 0x00000000a0100000, 0x00000000a0100000|100%| O|  |TAMS 0x00000000a0100000, 0x00000000a0000000| Untracked 
|   1|0x00000000a0100000, 0x00000000a0200000, 0x00000000a0200000|100%| O|  |TAMS 0x00000000a0200000, 0x00000000a0100000| Untracked 
|   2|0x00000000a0200000, 0x00000000a0300000, 0x00000000a0300000|100%| O|  |TAMS 0x00000000a0300000, 0x00000000a0200000| Untracked 
|   3|0x00000000a0300000, 0x00000000a0400000, 0x00000000a0400000|100%|HS|  |TAMS 0x00000000a0400000, 0x00000000a0300000| Complete 
|   4|0x00000000a0400000, 0x00000000a0500000, 0x00000000a0500000|100%|HC|  |TAMS 0x00000000a0500000, 0x00000000a0400000| Complete 
|   5|0x00000000a0500000, 0x00000000a0600000, 0x00000000a0600000|100%|HC|  |TAMS 0x00000000a0600000, 0x00000000a0500000| Complete 
|   6|0x00000000a0600000, 0x00000000a0700000, 0x00000000a0700000|100%| O|  |TAMS 0x00000000a0700000, 0x00000000a0600000| Untracked 
|   7|0x00000000a0700000, 0x00000000a0800000, 0x00000000a0800000|100%| O|  |TAMS 0x00000000a0800000, 0x00000000a0700000| Untracked 
|   8|0x00000000a0800000, 0x00000000a0900000, 0x00000000a0900000|100%| O|  |TAMS 0x00000000a0900000, 0x00000000a0800000| Untracked 
|   9|0x00000000a0900000, 0x00000000a0a00000, 0x00000000a0a00000|100%| O|  |TAMS 0x00000000a0a00000, 0x00000000a0900000| Untracked 
|  10|0x00000000a0a00000, 0x00000000a0b00000, 0x00000000a0b00000|100%| O|  |TAMS 0x00000000a0b00000, 0x00000000a0a00000| Untracked 
|  11|0x00000000a0b00000, 0x00000000a0c00000, 0x00000000a0c00000|100%| O|  |TAMS 0x00000000a0c00000, 0x00000000a0b00000| Untracked 
|  12|0x00000000a0c00000, 0x00000000a0d00000, 0x00000000a0d00000|100%| O|  |TAMS 0x00000000a0d00000, 0x00000000a0c00000| Untracked 
|  13|0x00000000a0d00000, 0x00000000a0e00000, 0x00000000a0e00000|100%| O|  |TAMS 0x00000000a0e00000, 0x00000000a0d00000| Untracked 
|  14|0x00000000a0e00000, 0x00000000a0f00000, 0x00000000a0f00000|100%| O|  |TAMS 0x00000000a0f00000, 0x00000000a0e00000| Untracked 
|  15|0x00000000a0f00000, 0x00000000a1000000, 0x00000000a1000000|100%| O|  |TAMS 0x00000000a1000000, 0x00000000a0f00000| Untracked 
|  16|0x00000000a1000000, 0x00000000a1100000, 0x00000000a1100000|100%| O|  |TAMS 0x00000000a1100000, 0x00000000a1000000| Untracked 
|  17|0x00000000a1100000, 0x00000000a1200000, 0x00000000a1200000|100%|HS|  |TAMS 0x00000000a1200000, 0x00000000a1100000| Complete 
|  18|0x00000000a1200000, 0x00000000a1300000, 0x00000000a1300000|100%|HC|  |TAMS 0x00000000a1300000, 0x00000000a1200000| Complete 
|  19|0x00000000a1300000, 0x00000000a1400000, 0x00000000a1400000|100%|HS|  |TAMS 0x00000000a1400000, 0x00000000a1300000| Complete 
|  20|0x00000000a1400000, 0x00000000a1500000, 0x00000000a1500000|100%|HC|  |TAMS 0x00000000a1500000, 0x00000000a1400000| Complete 
|  21|0x00000000a1500000, 0x00000000a1600000, 0x00000000a1600000|100%|HC|  |TAMS 0x00000000a1600000, 0x00000000a1500000| Complete 
|  22|0x00000000a1600000, 0x00000000a1700000, 0x00000000a1700000|100%|HS|  |TAMS 0x00000000a1700000, 0x00000000a1600000| Complete 
|  23|0x00000000a1700000, 0x00000000a1800000, 0x00000000a1800000|100%|HC|  |TAMS 0x00000000a1800000, 0x00000000a1700000| Complete 
|  24|0x00000000a1800000, 0x00000000a1900000, 0x00000000a1900000|100%|HC|  |TAMS 0x00000000a1900000, 0x00000000a1800000| Complete 
|  25|0x00000000a1900000, 0x00000000a1a00000, 0x00000000a1a00000|100%|HC|  |TAMS 0x00000000a1a00000, 0x00000000a1900000| Complete 
|  26|0x00000000a1a00000, 0x00000000a1b00000, 0x00000000a1b00000|100%|HS|  |TAMS 0x00000000a1b00000, 0x00000000a1a00000| Complete 
|  27|0x00000000a1b00000, 0x00000000a1c00000, 0x00000000a1c00000|100%|HC|  |TAMS 0x00000000a1c00000, 0x00000000a1b00000| Complete 
|  28|0x00000000a1c00000, 0x00000000a1d00000, 0x00000000a1d00000|100%|HC|  |TAMS 0x00000000a1d00000, 0x00000000a1c00000| Complete 
|  29|0x00000000a1d00000, 0x00000000a1e00000, 0x00000000a1e00000|100%| O|  |TAMS 0x00000000a1e00000, 0x00000000a1d00000| Untracked 
|  30|0x00000000a1e00000, 0x00000000a1f00000, 0x00000000a1f00000|100%| O|  |TAMS 0x00000000a1f00000, 0x00000000a1e00000| Untracked 
|  31|0x00000000a1f00000, 0x00000000a2000000, 0x00000000a2000000|100%| O|  |TAMS 0x00000000a2000000, 0x00000000a1f00000| Untracked 
|  32|0x00000000a2000000, 0x00000000a2100000, 0x00000000a2100000|100%| O|  |TAMS 0x00000000a2100000, 0x00000000a2000000| Untracked 
|  33|0x00000000a2100000, 0x00000000a2200000, 0x00000000a2200000|100%| O|  |TAMS 0x00000000a2200000, 0x00000000a2100000| Untracked 
|  34|0x00000000a2200000, 0x00000000a2300000, 0x00000000a2300000|100%| O|  |TAMS 0x00000000a2300000, 0x00000000a2200000| Untracked 
|  35|0x00000000a2300000, 0x00000000a2400000, 0x00000000a2400000|100%| O|  |TAMS 0x00000000a2400000, 0x00000000a2300000| Untracked 
|  36|0x00000000a2400000, 0x00000000a2500000, 0x00000000a2500000|100%| O|  |TAMS 0x00000000a2500000, 0x00000000a2400000| Untracked 
|  37|0x00000000a2500000, 0x00000000a2600000, 0x00000000a2600000|100%| O|  |TAMS 0x00000000a2600000, 0x00000000a2500000| Untracked 
|  38|0x00000000a2600000, 0x00000000a2600000, 0x00000000a2700000|  0%| F|  |TAMS 0x00000000a2600000, 0x00000000a2600000| Untracked 
|  39|0x00000000a2700000, 0x00000000a2800000, 0x00000000a2800000|100%|HS|  |TAMS 0x00000000a2800000, 0x00000000a2700000| Complete 
|  40|0x00000000a2800000, 0x00000000a2900000, 0x00000000a2900000|100%|HC|  |TAMS 0x00000000a2900000, 0x00000000a2800000| Complete 
|  41|0x00000000a2900000, 0x00000000a2a00000, 0x00000000a2a00000|100%|HC|  |TAMS 0x00000000a2a00000, 0x00000000a2900000| Complete 
|  42|0x00000000a2a00000, 0x00000000a2b00000, 0x00000000a2b00000|100%|HC|  |TAMS 0x00000000a2b00000, 0x00000000a2a00000| Complete 
|  43|0x00000000a2b00000, 0x00000000a2c00000, 0x00000000a2c00000|100%| O|  |TAMS 0x00000000a2c00000, 0x00000000a2b00000| Untracked 
|  44|0x00000000a2c00000, 0x00000000a2d00000, 0x00000000a2d00000|100%| O|  |TAMS 0x00000000a2d00000, 0x00000000a2c00000| Untracked 
|  45|0x00000000a2d00000, 0x00000000a2e00000, 0x00000000a2e00000|100%| O|  |TAMS 0x00000000a2e00000, 0x00000000a2d00000| Untracked 
|  46|0x00000000a2e00000, 0x00000000a2f00000, 0x00000000a2f00000|100%| O|  |TAMS 0x00000000a2f00000, 0x00000000a2e00000| Untracked 
|  47|0x00000000a2f00000, 0x00000000a3000000, 0x00000000a3000000|100%| O|  |TAMS 0x00000000a3000000, 0x00000000a2f00000| Untracked 
|  48|0x00000000a3000000, 0x00000000a3100000, 0x00000000a3100000|100%| O|  |TAMS 0x00000000a3100000, 0x00000000a3000000| Untracked 
|  49|0x00000000a3100000, 0x00000000a3110a00, 0x00000000a3200000|  6%| O|  |TAMS 0x00000000a3110a00, 0x00000000a3100000| Untracked 
|  50|0x00000000a3200000, 0x00000000a3200000, 0x00000000a3300000|  0%| F|  |TAMS 0x00000000a3200000, 0x00000000a3200000| Untracked 
|  51|0x00000000a3300000, 0x00000000a3300000, 0x00000000a3400000|  0%| F|  |TAMS 0x00000000a3300000, 0x00000000a3300000| Untracked 
|  52|0x00000000a3400000, 0x00000000a3400000, 0x00000000a3500000|  0%| F|  |TAMS 0x00000000a3400000, 0x00000000a3400000| Untracked 
|  53|0x00000000a3500000, 0x00000000a3500000, 0x00000000a3600000|  0%| F|  |TAMS 0x00000000a3500000, 0x00000000a3500000| Untracked 
|  54|0x00000000a3600000, 0x00000000a3600000, 0x00000000a3700000|  0%| F|  |TAMS 0x00000000a3600000, 0x00000000a3600000| Untracked 
|  55|0x00000000a3700000, 0x00000000a3700000, 0x00000000a3800000|  0%| F|  |TAMS 0x00000000a3700000, 0x00000000a3700000| Untracked 
|  56|0x00000000a3800000, 0x00000000a3800000, 0x00000000a3900000|  0%| F|  |TAMS 0x00000000a3800000, 0x00000000a3800000| Untracked 
|  57|0x00000000a3900000, 0x00000000a3900000, 0x00000000a3a00000|  0%| F|  |TAMS 0x00000000a3900000, 0x00000000a3900000| Untracked 
|  58|0x00000000a3a00000, 0x00000000a3a00000, 0x00000000a3b00000|  0%| F|  |TAMS 0x00000000a3a00000, 0x00000000a3a00000| Untracked 
|  59|0x00000000a3b00000, 0x00000000a3b00000, 0x00000000a3c00000|  0%| F|  |TAMS 0x00000000a3b00000, 0x00000000a3b00000| Untracked 
|  60|0x00000000a3c00000, 0x00000000a3c00000, 0x00000000a3d00000|  0%| F|  |TAMS 0x00000000a3c00000, 0x00000000a3c00000| Untracked 
|  61|0x00000000a3d00000, 0x00000000a3d00000, 0x00000000a3e00000|  0%| F|  |TAMS 0x00000000a3d00000, 0x00000000a3d00000| Untracked 
|  62|0x00000000a3e00000, 0x00000000a3e00000, 0x00000000a3f00000|  0%| F|  |TAMS 0x00000000a3e00000, 0x00000000a3e00000| Untracked 
|  63|0x00000000a3f00000, 0x00000000a3f00000, 0x00000000a4000000|  0%| F|  |TAMS 0x00000000a3f00000, 0x00000000a3f00000| Untracked 
|  64|0x00000000a4000000, 0x00000000a4000000, 0x00000000a4100000|  0%| F|  |TAMS 0x00000000a4000000, 0x00000000a4000000| Untracked 
|  65|0x00000000a4100000, 0x00000000a4100000, 0x00000000a4200000|  0%| F|  |TAMS 0x00000000a4100000, 0x00000000a4100000| Untracked 
|  66|0x00000000a4200000, 0x00000000a4200000, 0x00000000a4300000|  0%| F|  |TAMS 0x00000000a4200000, 0x00000000a4200000| Untracked 
|  67|0x00000000a4300000, 0x00000000a4300000, 0x00000000a4400000|  0%| F|  |TAMS 0x00000000a4300000, 0x00000000a4300000| Untracked 
|  68|0x00000000a4400000, 0x00000000a4400000, 0x00000000a4500000|  0%| F|  |TAMS 0x00000000a4400000, 0x00000000a4400000| Untracked 
|  69|0x00000000a4500000, 0x00000000a4500000, 0x00000000a4600000|  0%| F|  |TAMS 0x00000000a4500000, 0x00000000a4500000| Untracked 
|  70|0x00000000a4600000, 0x00000000a4600000, 0x00000000a4700000|  0%| F|  |TAMS 0x00000000a4600000, 0x00000000a4600000| Untracked 
|  71|0x00000000a4700000, 0x00000000a4700000, 0x00000000a4800000|  0%| F|  |TAMS 0x00000000a4700000, 0x00000000a4700000| Untracked 
|  72|0x00000000a4800000, 0x00000000a4800000, 0x00000000a4900000|  0%| F|  |TAMS 0x00000000a4800000, 0x00000000a4800000| Untracked 
|  73|0x00000000a4900000, 0x00000000a4900000, 0x00000000a4a00000|  0%| F|  |TAMS 0x00000000a4900000, 0x00000000a4900000| Untracked 
|  74|0x00000000a4a00000, 0x00000000a4a00000, 0x00000000a4b00000|  0%| F|  |TAMS 0x00000000a4a00000, 0x00000000a4a00000| Untracked 
|  75|0x00000000a4b00000, 0x00000000a4b00000, 0x00000000a4c00000|  0%| F|  |TAMS 0x00000000a4b00000, 0x00000000a4b00000| Untracked 
|  76|0x00000000a4c00000, 0x00000000a4c00000, 0x00000000a4d00000|  0%| F|  |TAMS 0x00000000a4c00000, 0x00000000a4c00000| Untracked 
|  77|0x00000000a4d00000, 0x00000000a4d00000, 0x00000000a4e00000|  0%| F|  |TAMS 0x00000000a4d00000, 0x00000000a4d00000| Untracked 
|  78|0x00000000a4e00000, 0x00000000a4e00000, 0x00000000a4f00000|  0%| F|  |TAMS 0x00000000a4e00000, 0x00000000a4e00000| Untracked 
|  79|0x00000000a4f00000, 0x00000000a4f00000, 0x00000000a5000000|  0%| F|  |TAMS 0x00000000a4f00000, 0x00000000a4f00000| Untracked 
|  80|0x00000000a5000000, 0x00000000a5000000, 0x00000000a5100000|  0%| F|  |TAMS 0x00000000a5000000, 0x00000000a5000000| Untracked 
|  81|0x00000000a5100000, 0x00000000a5100000, 0x00000000a5200000|  0%| F|  |TAMS 0x00000000a5100000, 0x00000000a5100000| Untracked 
|  82|0x00000000a5200000, 0x00000000a5200000, 0x00000000a5300000|  0%| F|  |TAMS 0x00000000a5200000, 0x00000000a5200000| Untracked 
|  83|0x00000000a5300000, 0x00000000a5300000, 0x00000000a5400000|  0%| F|  |TAMS 0x00000000a5300000, 0x00000000a5300000| Untracked 
|  84|0x00000000a5400000, 0x00000000a5400000, 0x00000000a5500000|  0%| F|  |TAMS 0x00000000a5400000, 0x00000000a5400000| Untracked 
|  85|0x00000000a5500000, 0x00000000a5500000, 0x00000000a5600000|  0%| F|  |TAMS 0x00000000a5500000, 0x00000000a5500000| Untracked 
|  86|0x00000000a5600000, 0x00000000a5600000, 0x00000000a5700000|  0%| F|  |TAMS 0x00000000a5600000, 0x00000000a5600000| Untracked 
|  87|0x00000000a5700000, 0x00000000a5700000, 0x00000000a5800000|  0%| F|  |TAMS 0x00000000a5700000, 0x00000000a5700000| Untracked 
|  88|0x00000000a5800000, 0x00000000a5800000, 0x00000000a5900000|  0%| F|  |TAMS 0x00000000a5800000, 0x00000000a5800000| Untracked 
|  89|0x00000000a5900000, 0x00000000a5900000, 0x00000000a5a00000|  0%| F|  |TAMS 0x00000000a5900000, 0x00000000a5900000| Untracked 
|  90|0x00000000a5a00000, 0x00000000a5a00000, 0x00000000a5b00000|  0%| F|  |TAMS 0x00000000a5a00000, 0x00000000a5a00000| Untracked 
|  91|0x00000000a5b00000, 0x00000000a5b00000, 0x00000000a5c00000|  0%| F|  |TAMS 0x00000000a5b00000, 0x00000000a5b00000| Untracked 
|  92|0x00000000a5c00000, 0x00000000a5c00000, 0x00000000a5d00000|  0%| F|  |TAMS 0x00000000a5c00000, 0x00000000a5c00000| Untracked 
|  93|0x00000000a5d00000, 0x00000000a5d00000, 0x00000000a5e00000|  0%| F|  |TAMS 0x00000000a5d00000, 0x00000000a5d00000| Untracked 
|  94|0x00000000a5e00000, 0x00000000a5e00000, 0x00000000a5f00000|  0%| F|  |TAMS 0x00000000a5e00000, 0x00000000a5e00000| Untracked 
|  95|0x00000000a5f00000, 0x00000000a5f00000, 0x00000000a6000000|  0%| F|  |TAMS 0x00000000a5f00000, 0x00000000a5f00000| Untracked 
|  96|0x00000000a6000000, 0x00000000a6000000, 0x00000000a6100000|  0%| F|  |TAMS 0x00000000a6000000, 0x00000000a6000000| Untracked 
|  97|0x00000000a6100000, 0x00000000a6100000, 0x00000000a6200000|  0%| F|  |TAMS 0x00000000a6100000, 0x00000000a6100000| Untracked 
|  98|0x00000000a6200000, 0x00000000a6200000, 0x00000000a6300000|  0%| F|  |TAMS 0x00000000a6200000, 0x00000000a6200000| Untracked 
|  99|0x00000000a6300000, 0x00000000a6300000, 0x00000000a6400000|  0%| F|  |TAMS 0x00000000a6300000, 0x00000000a6300000| Untracked 
| 100|0x00000000a6400000, 0x00000000a6400000, 0x00000000a6500000|  0%| F|  |TAMS 0x00000000a6400000, 0x00000000a6400000| Untracked 
| 101|0x00000000a6500000, 0x00000000a6500000, 0x00000000a6600000|  0%| F|  |TAMS 0x00000000a6500000, 0x00000000a6500000| Untracked 
| 102|0x00000000a6600000, 0x00000000a6600000, 0x00000000a6700000|  0%| F|  |TAMS 0x00000000a6600000, 0x00000000a6600000| Untracked 
| 103|0x00000000a6700000, 0x00000000a6700000, 0x00000000a6800000|  0%| F|  |TAMS 0x00000000a6700000, 0x00000000a6700000| Untracked 
| 104|0x00000000a6800000, 0x00000000a6800000, 0x00000000a6900000|  0%| F|  |TAMS 0x00000000a6800000, 0x00000000a6800000| Untracked 
| 105|0x00000000a6900000, 0x00000000a6900000, 0x00000000a6a00000|  0%| F|  |TAMS 0x00000000a6900000, 0x00000000a6900000| Untracked 
| 106|0x00000000a6a00000, 0x00000000a6a00000, 0x00000000a6b00000|  0%| F|  |TAMS 0x00000000a6a00000, 0x00000000a6a00000| Untracked 
| 107|0x00000000a6b00000, 0x00000000a6b00000, 0x00000000a6c00000|  0%| F|  |TAMS 0x00000000a6b00000, 0x00000000a6b00000| Untracked 
| 108|0x00000000a6c00000, 0x00000000a6c00000, 0x00000000a6d00000|  0%| F|  |TAMS 0x00000000a6c00000, 0x00000000a6c00000| Untracked 
| 109|0x00000000a6d00000, 0x00000000a6d00000, 0x00000000a6e00000|  0%| F|  |TAMS 0x00000000a6d00000, 0x00000000a6d00000| Untracked 
| 110|0x00000000a6e00000, 0x00000000a6e00000, 0x00000000a6f00000|  0%| F|  |TAMS 0x00000000a6e00000, 0x00000000a6e00000| Untracked 
| 111|0x00000000a6f00000, 0x00000000a6f00000, 0x00000000a7000000|  0%| F|  |TAMS 0x00000000a6f00000, 0x00000000a6f00000| Untracked 
| 112|0x00000000a7000000, 0x00000000a7000000, 0x00000000a7100000|  0%| F|  |TAMS 0x00000000a7000000, 0x00000000a7000000| Untracked 
| 113|0x00000000a7100000, 0x00000000a7100000, 0x00000000a7200000|  0%| F|  |TAMS 0x00000000a7100000, 0x00000000a7100000| Untracked 
| 114|0x00000000a7200000, 0x00000000a7200000, 0x00000000a7300000|  0%| F|  |TAMS 0x00000000a7200000, 0x00000000a7200000| Untracked 
| 115|0x00000000a7300000, 0x00000000a7300000, 0x00000000a7400000|  0%| F|  |TAMS 0x00000000a7300000, 0x00000000a7300000| Untracked 
| 116|0x00000000a7400000, 0x00000000a7400000, 0x00000000a7500000|  0%| F|  |TAMS 0x00000000a7400000, 0x00000000a7400000| Untracked 
| 117|0x00000000a7500000, 0x00000000a7500000, 0x00000000a7600000|  0%| F|  |TAMS 0x00000000a7500000, 0x00000000a7500000| Untracked 
| 118|0x00000000a7600000, 0x00000000a7600000, 0x00000000a7700000|  0%| F|  |TAMS 0x00000000a7600000, 0x00000000a7600000| Untracked 
| 119|0x00000000a7700000, 0x00000000a7700000, 0x00000000a7800000|  0%| F|  |TAMS 0x00000000a7700000, 0x00000000a7700000| Untracked 
| 120|0x00000000a7800000, 0x00000000a7800000, 0x00000000a7900000|  0%| F|  |TAMS 0x00000000a7800000, 0x00000000a7800000| Untracked 
| 121|0x00000000a7900000, 0x00000000a7900000, 0x00000000a7a00000|  0%| F|  |TAMS 0x00000000a7900000, 0x00000000a7900000| Untracked 
| 122|0x00000000a7a00000, 0x00000000a7a341e8, 0x00000000a7b00000| 20%| S|CS|TAMS 0x00000000a7a00000, 0x00000000a7a00000| Complete 
| 123|0x00000000a7b00000, 0x00000000a7c00000, 0x00000000a7c00000|100%| S|CS|TAMS 0x00000000a7b00000, 0x00000000a7b00000| Complete 
| 124|0x00000000a7c00000, 0x00000000a7d00000, 0x00000000a7d00000|100%| S|CS|TAMS 0x00000000a7c00000, 0x00000000a7c00000| Complete 
| 125|0x00000000a7d00000, 0x00000000a7e00000, 0x00000000a7e00000|100%| S|CS|TAMS 0x00000000a7d00000, 0x00000000a7d00000| Complete 
| 126|0x00000000a7e00000, 0x00000000a7f00000, 0x00000000a7f00000|100%| S|CS|TAMS 0x00000000a7e00000, 0x00000000a7e00000| Complete 
| 127|0x00000000a7f00000, 0x00000000a8000000, 0x00000000a8000000|100%| S|CS|TAMS 0x00000000a7f00000, 0x00000000a7f00000| Complete 
| 128|0x00000000a8000000, 0x00000000a8000000, 0x00000000a8100000|  0%| F|  |TAMS 0x00000000a8000000, 0x00000000a8000000| Untracked 
| 129|0x00000000a8100000, 0x00000000a8200000, 0x00000000a8200000|100%| S|CS|TAMS 0x00000000a8100000, 0x00000000a8100000| Complete 
| 130|0x00000000a8200000, 0x00000000a8300000, 0x00000000a8300000|100%| S|CS|TAMS 0x00000000a8200000, 0x00000000a8200000| Complete 
| 131|0x00000000a8300000, 0x00000000a8400000, 0x00000000a8400000|100%| S|CS|TAMS 0x00000000a8300000, 0x00000000a8300000| Complete 
| 132|0x00000000a8400000, 0x00000000a8500000, 0x00000000a8500000|100%| S|CS|TAMS 0x00000000a8400000, 0x00000000a8400000| Complete 
| 133|0x00000000a8500000, 0x00000000a8600000, 0x00000000a8600000|100%| S|CS|TAMS 0x00000000a8500000, 0x00000000a8500000| Complete 
| 134|0x00000000a8600000, 0x00000000a8700000, 0x00000000a8700000|100%| S|CS|TAMS 0x00000000a8600000, 0x00000000a8600000| Complete 
| 135|0x00000000a8700000, 0x00000000a8800000, 0x00000000a8800000|100%| S|CS|TAMS 0x00000000a8700000, 0x00000000a8700000| Complete 
| 136|0x00000000a8800000, 0x00000000a8900000, 0x00000000a8900000|100%| S|CS|TAMS 0x00000000a8800000, 0x00000000a8800000| Complete 
| 137|0x00000000a8900000, 0x00000000a8900000, 0x00000000a8a00000|  0%| F|  |TAMS 0x00000000a8900000, 0x00000000a8900000| Untracked 
| 138|0x00000000a8a00000, 0x00000000a8a00000, 0x00000000a8b00000|  0%| F|  |TAMS 0x00000000a8a00000, 0x00000000a8a00000| Untracked 
| 139|0x00000000a8b00000, 0x00000000a8b00000, 0x00000000a8c00000|  0%| F|  |TAMS 0x00000000a8b00000, 0x00000000a8b00000| Untracked 
| 140|0x00000000a8c00000, 0x00000000a8c00000, 0x00000000a8d00000|  0%| F|  |TAMS 0x00000000a8c00000, 0x00000000a8c00000| Untracked 
| 141|0x00000000a8d00000, 0x00000000a8d00000, 0x00000000a8e00000|  0%| F|  |TAMS 0x00000000a8d00000, 0x00000000a8d00000| Untracked 
| 142|0x00000000a8e00000, 0x00000000a8e00000, 0x00000000a8f00000|  0%| F|  |TAMS 0x00000000a8e00000, 0x00000000a8e00000| Untracked 
| 143|0x00000000a8f00000, 0x00000000a8f00000, 0x00000000a9000000|  0%| F|  |TAMS 0x00000000a8f00000, 0x00000000a8f00000| Untracked 
| 144|0x00000000a9000000, 0x00000000a9000000, 0x00000000a9100000|  0%| F|  |TAMS 0x00000000a9000000, 0x00000000a9000000| Untracked 
| 145|0x00000000a9100000, 0x00000000a9100000, 0x00000000a9200000|  0%| F|  |TAMS 0x00000000a9100000, 0x00000000a9100000| Untracked 
| 146|0x00000000a9200000, 0x00000000a9200000, 0x00000000a9300000|  0%| F|  |TAMS 0x00000000a9200000, 0x00000000a9200000| Untracked 
| 147|0x00000000a9300000, 0x00000000a9300000, 0x00000000a9400000|  0%| F|  |TAMS 0x00000000a9300000, 0x00000000a9300000| Untracked 
| 148|0x00000000a9400000, 0x00000000a9400000, 0x00000000a9500000|  0%| F|  |TAMS 0x00000000a9400000, 0x00000000a9400000| Untracked 
| 149|0x00000000a9500000, 0x00000000a9500000, 0x00000000a9600000|  0%| F|  |TAMS 0x00000000a9500000, 0x00000000a9500000| Untracked 
| 150|0x00000000a9600000, 0x00000000a9600000, 0x00000000a9700000|  0%| F|  |TAMS 0x00000000a9600000, 0x00000000a9600000| Untracked 
| 151|0x00000000a9700000, 0x00000000a9700000, 0x00000000a9800000|  0%| F|  |TAMS 0x00000000a9700000, 0x00000000a9700000| Untracked 
| 152|0x00000000a9800000, 0x00000000a9800000, 0x00000000a9900000|  0%| F|  |TAMS 0x00000000a9800000, 0x00000000a9800000| Untracked 
| 153|0x00000000a9900000, 0x00000000a9900000, 0x00000000a9a00000|  0%| F|  |TAMS 0x00000000a9900000, 0x00000000a9900000| Untracked 
| 154|0x00000000a9a00000, 0x00000000a9a00000, 0x00000000a9b00000|  0%| F|  |TAMS 0x00000000a9a00000, 0x00000000a9a00000| Untracked 
| 155|0x00000000a9b00000, 0x00000000a9b00000, 0x00000000a9c00000|  0%| F|  |TAMS 0x00000000a9b00000, 0x00000000a9b00000| Untracked 
| 156|0x00000000a9c00000, 0x00000000a9c00000, 0x00000000a9d00000|  0%| F|  |TAMS 0x00000000a9c00000, 0x00000000a9c00000| Untracked 
| 157|0x00000000a9d00000, 0x00000000a9d00000, 0x00000000a9e00000|  0%| F|  |TAMS 0x00000000a9d00000, 0x00000000a9d00000| Untracked 
| 158|0x00000000a9e00000, 0x00000000a9e00000, 0x00000000a9f00000|  0%| F|  |TAMS 0x00000000a9e00000, 0x00000000a9e00000| Untracked 
| 159|0x00000000a9f00000, 0x00000000a9f00000, 0x00000000aa000000|  0%| F|  |TAMS 0x00000000a9f00000, 0x00000000a9f00000| Untracked 
| 160|0x00000000aa000000, 0x00000000aa000000, 0x00000000aa100000|  0%| F|  |TAMS 0x00000000aa000000, 0x00000000aa000000| Untracked 
| 161|0x00000000aa100000, 0x00000000aa100000, 0x00000000aa200000|  0%| F|  |TAMS 0x00000000aa100000, 0x00000000aa100000| Untracked 
| 162|0x00000000aa200000, 0x00000000aa200000, 0x00000000aa300000|  0%| F|  |TAMS 0x00000000aa200000, 0x00000000aa200000| Untracked 
| 163|0x00000000aa300000, 0x00000000aa300000, 0x00000000aa400000|  0%| F|  |TAMS 0x00000000aa300000, 0x00000000aa300000| Untracked 
| 164|0x00000000aa400000, 0x00000000aa400000, 0x00000000aa500000|  0%| F|  |TAMS 0x00000000aa400000, 0x00000000aa400000| Untracked 
| 165|0x00000000aa500000, 0x00000000aa500000, 0x00000000aa600000|  0%| F|  |TAMS 0x00000000aa500000, 0x00000000aa500000| Untracked 
| 166|0x00000000aa600000, 0x00000000aa600000, 0x00000000aa700000|  0%| F|  |TAMS 0x00000000aa600000, 0x00000000aa600000| Untracked 
| 167|0x00000000aa700000, 0x00000000aa700000, 0x00000000aa800000|  0%| F|  |TAMS 0x00000000aa700000, 0x00000000aa700000| Untracked 
| 168|0x00000000aa800000, 0x00000000aa800000, 0x00000000aa900000|  0%| F|  |TAMS 0x00000000aa800000, 0x00000000aa800000| Untracked 
| 169|0x00000000aa900000, 0x00000000aa900000, 0x00000000aaa00000|  0%| F|  |TAMS 0x00000000aa900000, 0x00000000aa900000| Untracked 
| 170|0x00000000aaa00000, 0x00000000aaa00000, 0x00000000aab00000|  0%| F|  |TAMS 0x00000000aaa00000, 0x00000000aaa00000| Untracked 
| 171|0x00000000aab00000, 0x00000000aab00000, 0x00000000aac00000|  0%| F|  |TAMS 0x00000000aab00000, 0x00000000aab00000| Untracked 
| 172|0x00000000aac00000, 0x00000000aac00000, 0x00000000aad00000|  0%| F|  |TAMS 0x00000000aac00000, 0x00000000aac00000| Untracked 
| 173|0x00000000aad00000, 0x00000000aad00000, 0x00000000aae00000|  0%| F|  |TAMS 0x00000000aad00000, 0x00000000aad00000| Untracked 
| 174|0x00000000aae00000, 0x00000000aae00000, 0x00000000aaf00000|  0%| F|  |TAMS 0x00000000aae00000, 0x00000000aae00000| Untracked 
| 175|0x00000000aaf00000, 0x00000000aaf00000, 0x00000000ab000000|  0%| F|  |TAMS 0x00000000aaf00000, 0x00000000aaf00000| Untracked 
| 176|0x00000000ab000000, 0x00000000ab000000, 0x00000000ab100000|  0%| F|  |TAMS 0x00000000ab000000, 0x00000000ab000000| Untracked 
| 177|0x00000000ab100000, 0x00000000ab100000, 0x00000000ab200000|  0%| F|  |TAMS 0x00000000ab100000, 0x00000000ab100000| Untracked 
| 178|0x00000000ab200000, 0x00000000ab200000, 0x00000000ab300000|  0%| F|  |TAMS 0x00000000ab200000, 0x00000000ab200000| Untracked 
| 179|0x00000000ab300000, 0x00000000ab300000, 0x00000000ab400000|  0%| F|  |TAMS 0x00000000ab300000, 0x00000000ab300000| Untracked 
| 180|0x00000000ab400000, 0x00000000ab400000, 0x00000000ab500000|  0%| F|  |TAMS 0x00000000ab400000, 0x00000000ab400000| Untracked 
| 181|0x00000000ab500000, 0x00000000ab500000, 0x00000000ab600000|  0%| F|  |TAMS 0x00000000ab500000, 0x00000000ab500000| Untracked 
| 182|0x00000000ab600000, 0x00000000ab600000, 0x00000000ab700000|  0%| F|  |TAMS 0x00000000ab600000, 0x00000000ab600000| Untracked 
| 183|0x00000000ab700000, 0x00000000ab700000, 0x00000000ab800000|  0%| F|  |TAMS 0x00000000ab700000, 0x00000000ab700000| Untracked 
| 184|0x00000000ab800000, 0x00000000ab800000, 0x00000000ab900000|  0%| F|  |TAMS 0x00000000ab800000, 0x00000000ab800000| Untracked 
| 185|0x00000000ab900000, 0x00000000ab900000, 0x00000000aba00000|  0%| F|  |TAMS 0x00000000ab900000, 0x00000000ab900000| Untracked 
| 186|0x00000000aba00000, 0x00000000aba00000, 0x00000000abb00000|  0%| F|  |TAMS 0x00000000aba00000, 0x00000000aba00000| Untracked 
| 187|0x00000000abb00000, 0x00000000abb00000, 0x00000000abc00000|  0%| F|  |TAMS 0x00000000abb00000, 0x00000000abb00000| Untracked 
| 188|0x00000000abc00000, 0x00000000abc00000, 0x00000000abd00000|  0%| F|  |TAMS 0x00000000abc00000, 0x00000000abc00000| Untracked 
| 189|0x00000000abd00000, 0x00000000abd00000, 0x00000000abe00000|  0%| F|  |TAMS 0x00000000abd00000, 0x00000000abd00000| Untracked 
| 190|0x00000000abe00000, 0x00000000abe00000, 0x00000000abf00000|  0%| F|  |TAMS 0x00000000abe00000, 0x00000000abe00000| Untracked 
| 191|0x00000000abf00000, 0x00000000abf00000, 0x00000000ac000000|  0%| F|  |TAMS 0x00000000abf00000, 0x00000000abf00000| Untracked 
| 192|0x00000000ac000000, 0x00000000ac000000, 0x00000000ac100000|  0%| F|  |TAMS 0x00000000ac000000, 0x00000000ac000000| Untracked 
| 193|0x00000000ac100000, 0x00000000ac100000, 0x00000000ac200000|  0%| F|  |TAMS 0x00000000ac100000, 0x00000000ac100000| Untracked 
| 194|0x00000000ac200000, 0x00000000ac200000, 0x00000000ac300000|  0%| F|  |TAMS 0x00000000ac200000, 0x00000000ac200000| Untracked 
| 195|0x00000000ac300000, 0x00000000ac300000, 0x00000000ac400000|  0%| F|  |TAMS 0x00000000ac300000, 0x00000000ac300000| Untracked 
| 196|0x00000000ac400000, 0x00000000ac400000, 0x00000000ac500000|  0%| F|  |TAMS 0x00000000ac400000, 0x00000000ac400000| Untracked 
| 197|0x00000000ac500000, 0x00000000ac500000, 0x00000000ac600000|  0%| F|  |TAMS 0x00000000ac500000, 0x00000000ac500000| Untracked 
| 198|0x00000000ac600000, 0x00000000ac600000, 0x00000000ac700000|  0%| F|  |TAMS 0x00000000ac600000, 0x00000000ac600000| Untracked 
| 199|0x00000000ac700000, 0x00000000ac700000, 0x00000000ac800000|  0%| F|  |TAMS 0x00000000ac700000, 0x00000000ac700000| Untracked 
| 200|0x00000000ac800000, 0x00000000ac800000, 0x00000000ac900000|  0%| F|  |TAMS 0x00000000ac800000, 0x00000000ac800000| Untracked 
| 201|0x00000000ac900000, 0x00000000ac900000, 0x00000000aca00000|  0%| F|  |TAMS 0x00000000ac900000, 0x00000000ac900000| Untracked 
| 202|0x00000000aca00000, 0x00000000aca00000, 0x00000000acb00000|  0%| F|  |TAMS 0x00000000aca00000, 0x00000000aca00000| Untracked 
| 203|0x00000000acb00000, 0x00000000acb00000, 0x00000000acc00000|  0%| F|  |TAMS 0x00000000acb00000, 0x00000000acb00000| Untracked 
| 204|0x00000000acc00000, 0x00000000acc00000, 0x00000000acd00000|  0%| F|  |TAMS 0x00000000acc00000, 0x00000000acc00000| Untracked 
| 205|0x00000000acd00000, 0x00000000acd00000, 0x00000000ace00000|  0%| F|  |TAMS 0x00000000acd00000, 0x00000000acd00000| Untracked 
| 206|0x00000000ace00000, 0x00000000ace00000, 0x00000000acf00000|  0%| F|  |TAMS 0x00000000ace00000, 0x00000000ace00000| Untracked 
| 207|0x00000000acf00000, 0x00000000acf00000, 0x00000000ad000000|  0%| F|  |TAMS 0x00000000acf00000, 0x00000000acf00000| Untracked 
| 208|0x00000000ad000000, 0x00000000ad000000, 0x00000000ad100000|  0%| F|  |TAMS 0x00000000ad000000, 0x00000000ad000000| Untracked 
| 209|0x00000000ad100000, 0x00000000ad100000, 0x00000000ad200000|  0%| F|  |TAMS 0x00000000ad100000, 0x00000000ad100000| Untracked 
| 210|0x00000000ad200000, 0x00000000ad200000, 0x00000000ad300000|  0%| F|  |TAMS 0x00000000ad200000, 0x00000000ad200000| Untracked 
| 211|0x00000000ad300000, 0x00000000ad300000, 0x00000000ad400000|  0%| F|  |TAMS 0x00000000ad300000, 0x00000000ad300000| Untracked 
| 212|0x00000000ad400000, 0x00000000ad400000, 0x00000000ad500000|  0%| F|  |TAMS 0x00000000ad400000, 0x00000000ad400000| Untracked 
| 213|0x00000000ad500000, 0x00000000ad500000, 0x00000000ad600000|  0%| F|  |TAMS 0x00000000ad500000, 0x00000000ad500000| Untracked 
| 214|0x00000000ad600000, 0x00000000ad600000, 0x00000000ad700000|  0%| F|  |TAMS 0x00000000ad600000, 0x00000000ad600000| Untracked 
| 215|0x00000000ad700000, 0x00000000ad700000, 0x00000000ad800000|  0%| F|  |TAMS 0x00000000ad700000, 0x00000000ad700000| Untracked 
| 216|0x00000000ad800000, 0x00000000ad800000, 0x00000000ad900000|  0%| F|  |TAMS 0x00000000ad800000, 0x00000000ad800000| Untracked 
| 217|0x00000000ad900000, 0x00000000ad900000, 0x00000000ada00000|  0%| F|  |TAMS 0x00000000ad900000, 0x00000000ad900000| Untracked 
| 218|0x00000000ada00000, 0x00000000ada00000, 0x00000000adb00000|  0%| F|  |TAMS 0x00000000ada00000, 0x00000000ada00000| Untracked 
| 219|0x00000000adb00000, 0x00000000adb00000, 0x00000000adc00000|  0%| F|  |TAMS 0x00000000adb00000, 0x00000000adb00000| Untracked 
| 220|0x00000000adc00000, 0x00000000adc00000, 0x00000000add00000|  0%| F|  |TAMS 0x00000000adc00000, 0x00000000adc00000| Untracked 
| 221|0x00000000add00000, 0x00000000add00000, 0x00000000ade00000|  0%| F|  |TAMS 0x00000000add00000, 0x00000000add00000| Untracked 
| 222|0x00000000ade00000, 0x00000000ade00000, 0x00000000adf00000|  0%| F|  |TAMS 0x00000000ade00000, 0x00000000ade00000| Untracked 
| 223|0x00000000adf00000, 0x00000000adf00000, 0x00000000ae000000|  0%| F|  |TAMS 0x00000000adf00000, 0x00000000adf00000| Untracked 
| 224|0x00000000ae000000, 0x00000000ae000000, 0x00000000ae100000|  0%| F|  |TAMS 0x00000000ae000000, 0x00000000ae000000| Untracked 
| 225|0x00000000ae100000, 0x00000000ae100000, 0x00000000ae200000|  0%| F|  |TAMS 0x00000000ae100000, 0x00000000ae100000| Untracked 
| 226|0x00000000ae200000, 0x00000000ae200000, 0x00000000ae300000|  0%| F|  |TAMS 0x00000000ae200000, 0x00000000ae200000| Untracked 
| 227|0x00000000ae300000, 0x00000000ae300000, 0x00000000ae400000|  0%| F|  |TAMS 0x00000000ae300000, 0x00000000ae300000| Untracked 
| 228|0x00000000ae400000, 0x00000000ae400000, 0x00000000ae500000|  0%| F|  |TAMS 0x00000000ae400000, 0x00000000ae400000| Untracked 
| 229|0x00000000ae500000, 0x00000000ae500000, 0x00000000ae600000|  0%| F|  |TAMS 0x00000000ae500000, 0x00000000ae500000| Untracked 
| 230|0x00000000ae600000, 0x00000000ae600000, 0x00000000ae700000|  0%| F|  |TAMS 0x00000000ae600000, 0x00000000ae600000| Untracked 
| 231|0x00000000ae700000, 0x00000000ae700000, 0x00000000ae800000|  0%| F|  |TAMS 0x00000000ae700000, 0x00000000ae700000| Untracked 
| 232|0x00000000ae800000, 0x00000000ae800000, 0x00000000ae900000|  0%| F|  |TAMS 0x00000000ae800000, 0x00000000ae800000| Untracked 
| 233|0x00000000ae900000, 0x00000000ae900000, 0x00000000aea00000|  0%| F|  |TAMS 0x00000000ae900000, 0x00000000ae900000| Untracked 
| 234|0x00000000aea00000, 0x00000000aea00000, 0x00000000aeb00000|  0%| F|  |TAMS 0x00000000aea00000, 0x00000000aea00000| Untracked 
| 235|0x00000000aeb00000, 0x00000000aeb00000, 0x00000000aec00000|  0%| F|  |TAMS 0x00000000aeb00000, 0x00000000aeb00000| Untracked 
| 236|0x00000000aec00000, 0x00000000aec00000, 0x00000000aed00000|  0%| F|  |TAMS 0x00000000aec00000, 0x00000000aec00000| Untracked 
| 237|0x00000000aed00000, 0x00000000aee00000, 0x00000000aee00000|100%| E|  |TAMS 0x00000000aed00000, 0x00000000aed00000| Complete 
| 238|0x00000000aee00000, 0x00000000aef00000, 0x00000000aef00000|100%| E|CS|TAMS 0x00000000aee00000, 0x00000000aee00000| Complete 
| 239|0x00000000aef00000, 0x00000000af000000, 0x00000000af000000|100%| E|CS|TAMS 0x00000000aef00000, 0x00000000aef00000| Complete 
| 240|0x00000000af000000, 0x00000000af100000, 0x00000000af100000|100%| E|CS|TAMS 0x00000000af000000, 0x00000000af000000| Complete 
| 241|0x00000000af100000, 0x00000000af200000, 0x00000000af200000|100%| E|CS|TAMS 0x00000000af100000, 0x00000000af100000| Complete 
| 242|0x00000000af200000, 0x00000000af300000, 0x00000000af300000|100%| E|CS|TAMS 0x00000000af200000, 0x00000000af200000| Complete 
| 243|0x00000000af300000, 0x00000000af400000, 0x00000000af400000|100%| E|CS|TAMS 0x00000000af300000, 0x00000000af300000| Complete 
| 244|0x00000000af400000, 0x00000000af500000, 0x00000000af500000|100%| E|CS|TAMS 0x00000000af400000, 0x00000000af400000| Complete 
| 245|0x00000000af500000, 0x00000000af600000, 0x00000000af600000|100%| E|CS|TAMS 0x00000000af500000, 0x00000000af500000| Complete 
| 246|0x00000000af600000, 0x00000000af700000, 0x00000000af700000|100%| E|CS|TAMS 0x00000000af600000, 0x00000000af600000| Complete 
| 247|0x00000000af700000, 0x00000000af800000, 0x00000000af800000|100%| E|CS|TAMS 0x00000000af700000, 0x00000000af700000| Complete 
| 248|0x00000000af800000, 0x00000000af900000, 0x00000000af900000|100%| E|CS|TAMS 0x00000000af800000, 0x00000000af800000| Complete 
| 249|0x00000000af900000, 0x00000000afa00000, 0x00000000afa00000|100%| E|CS|TAMS 0x00000000af900000, 0x00000000af900000| Complete 
| 250|0x00000000afa00000, 0x00000000afb00000, 0x00000000afb00000|100%| E|CS|TAMS 0x00000000afa00000, 0x00000000afa00000| Complete 
| 251|0x00000000afb00000, 0x00000000afc00000, 0x00000000afc00000|100%| E|CS|TAMS 0x00000000afb00000, 0x00000000afb00000| Complete 
| 252|0x00000000afc00000, 0x00000000afd00000, 0x00000000afd00000|100%| E|CS|TAMS 0x00000000afc00000, 0x00000000afc00000| Complete 
| 253|0x00000000afd00000, 0x00000000afe00000, 0x00000000afe00000|100%| E|CS|TAMS 0x00000000afd00000, 0x00000000afd00000| Complete 

Card table byte_map: [0x0000027026760000,0x0000027026a60000] _byte_map_base: 0x0000027026260000

Marking Bits (Prev, Next): (CMBitMap*) 0x0000027012ce6260, (CMBitMap*) 0x0000027012ce6228
 Prev Bits: [0x0000027028560000, 0x0000027029d60000)
 Next Bits: [0x0000027026d60000, 0x0000027028560000)

Polling page: 0x00000270167b0000

Metaspace:

Usage:
  Non-class:     53.10 MB capacity,    51.93 MB ( 98%) used,     1.02 MB (  2%) free+waste,   159.81 KB ( <1%) overhead. 
      Class:      8.27 MB capacity,     7.68 MB ( 93%) used,   529.75 KB (  6%) free+waste,    76.38 KB ( <1%) overhead. 
       Both:     61.38 MB capacity,    59.61 MB ( 97%) used,     1.54 MB (  3%) free+waste,   236.19 KB ( <1%) overhead. 

Virtual space:
  Non-class space:       54.00 MB reserved,      53.32 MB ( 99%) committed 
      Class space:        1.00 GB reserved,       8.38 MB ( <1%) committed 
             Both:        1.05 GB reserved,      61.70 MB (  6%) committed 

Chunk freelists:
   Non-Class:  29.00 KB
       Class:  10.00 KB
        Both:  39.00 KB

MaxMetaspaceSize: 17179869184.00 GB
CompressedClassSpaceSize: 1.00 GB

CodeHeap 'non-profiled nmethods': size=120000Kb used=4099Kb max_used=4099Kb free=115900Kb
 bounds [0x000002701e2a0000, 0x000002701e6b0000, 0x00000270257d0000]
CodeHeap 'profiled nmethods': size=120000Kb used=13291Kb max_used=13291Kb free=106708Kb
 bounds [0x0000027016d70000, 0x0000027017a70000, 0x000002701e2a0000]
CodeHeap 'non-nmethods': size=5760Kb used=2262Kb max_used=2320Kb free=3497Kb
 bounds [0x00000270167d0000, 0x0000027016a40000, 0x0000027016d70000]
 total_blobs=6938 nmethods=6102 adapters=747
 compilation: enabled
              stopped_count=0, restarted_count=0
 full_count=0

Compilation events (20 events):
Event: 11.925 Thread 0x000002702d318000 6127       1       java.security.Provider::getName (5 bytes)
Event: 11.925 Thread 0x000002702d318000 nmethod 6127 0x000002701e6a0310 code [0x000002701e6a04c0, 0x000002701e6a0578]
Event: 11.927 Thread 0x000002702d318000 6128       3       sun.security.provider.ByteArrayAccess::i2bBig (204 bytes)
Event: 11.928 Thread 0x000002702d318000 nmethod 6128 0x0000027017a66290 code [0x0000027017a66480, 0x0000027017a668c8]
Event: 11.928 Thread 0x000002702d318000 6129       3       sun.security.provider.SHA2::resetHashes (19 bytes)
Event: 11.928 Thread 0x000002702d318000 nmethod 6129 0x0000027017a66a90 code [0x0000027017a66c40, 0x0000027017a66de8]
Event: 11.929 Thread 0x000002702d318000 6130   !   3       javax.crypto.Mac::chooseFirstProvider (236 bytes)
Event: 11.930 Thread 0x000002702d318000 nmethod 6130 0x0000027017a66e90 code [0x0000027017a67140, 0x0000027017a68138]
Event: 11.930 Thread 0x000002702d318000 6131       1       sun.security.x509.DNSName::getType (2 bytes)
Event: 11.930 Thread 0x000002702d318000 nmethod 6131 0x000002701e6a0610 code [0x000002701e6a07c0, 0x000002701e6a0878]
Event: 11.930 Thread 0x000002702d318000 6132       1       sun.security.x509.DNSName::getName (5 bytes)
Event: 11.930 Thread 0x000002702d318000 nmethod 6132 0x000002701e6a0910 code [0x000002701e6a0ac0, 0x000002701e6a0b78]
Event: 11.930 Thread 0x000002702d318000 6133       1       sun.security.x509.GeneralName::getName (5 bytes)
Event: 11.930 Thread 0x000002702d318000 nmethod 6133 0x000002701e6a0c10 code [0x000002701e6a0dc0, 0x000002701e6a0e78]
Event: 11.930 Thread 0x000002702d318000 6134       3       org.apache.http.util.Args::positive (33 bytes)
Event: 11.930 Thread 0x000002702d318000 nmethod 6134 0x0000027017a68690 code [0x0000027017a68900, 0x0000027017a69158]
Event: 11.930 Thread 0x000002702d318000 6135       3       org.apache.http.conn.ssl.SubjectName::<init> (28 bytes)
Event: 11.931 Thread 0x000002702d318000 nmethod 6135 0x0000027017a69490 code [0x0000027017a69740, 0x0000027017a6a0f8]
Event: 11.931 Thread 0x000002702d318000 6136       3       org.apache.http.util.CharArrayBuffer::append (37 bytes)
Event: 11.932 Thread 0x000002702d318000 nmethod 6136 0x0000027017a6a510 code [0x0000027017a6a700, 0x0000027017a6ab48]

GC Heap History (14 events):
Event: 0.282 GC heap before
{Heap before GC invocations=0 (full 0):
 garbage-first heap   total 260096K, used 29696K [0x00000000a0000000, 0x0000000100000000)
  region size 1024K, 24 young (24576K), 0 survivors (0K)
 Metaspace       used 9855K, capacity 10054K, committed 10112K, reserved 1058816K
  class space    used 1028K, capacity 1102K, committed 1152K, reserved 1048576K
}
Event: 0.284 GC heap after
{Heap after GC invocations=1 (full 0):
 garbage-first heap   total 260096K, used 9277K [0x00000000a0000000, 0x0000000100000000)
  region size 1024K, 3 young (3072K), 3 survivors (3072K)
 Metaspace       used 9855K, capacity 10054K, committed 10112K, reserved 1058816K
  class space    used 1028K, capacity 1102K, committed 1152K, reserved 1048576K
}
Event: 0.939 GC heap before
{Heap before GC invocations=1 (full 0):
 garbage-first heap   total 260096K, used 105533K [0x00000000a0000000, 0x0000000100000000)
  region size 1024K, 98 young (100352K), 3 survivors (3072K)
 Metaspace       used 20637K, capacity 21116K, committed 21296K, reserved 1069056K
  class space    used 2525K, capacity 2674K, committed 2688K, reserved 1048576K
}
Event: 0.944 GC heap after
{Heap after GC invocations=2 (full 0):
 garbage-first heap   total 260096K, used 16668K [0x00000000a0000000, 0x0000000100000000)
  region size 1024K, 11 young (11264K), 11 survivors (11264K)
 Metaspace       used 20637K, capacity 21116K, committed 21296K, reserved 1069056K
  class space    used 2525K, capacity 2674K, committed 2688K, reserved 1048576K
}
Event: 1.100 GC heap before
{Heap before GC invocations=3 (full 0):
 garbage-first heap   total 260096K, used 48412K [0x00000000a0000000, 0x0000000100000000)
  region size 1024K, 42 young (43008K), 11 survivors (11264K)
 Metaspace       used 23990K, capacity 24541K, committed 24752K, reserved 1071104K
  class space    used 3048K, capacity 3245K, committed 3328K, reserved 1048576K
}
Event: 1.103 GC heap after
{Heap after GC invocations=4 (full 0):
 garbage-first heap   total 260096K, used 18129K [0x00000000a0000000, 0x0000000100000000)
  region size 1024K, 2 young (2048K), 2 survivors (2048K)
 Metaspace       used 23990K, capacity 24541K, committed 24752K, reserved 1071104K
  class space    used 3048K, capacity 3245K, committed 3328K, reserved 1048576K
}
Event: 1.620 GC heap before
{Heap before GC invocations=4 (full 0):
 garbage-first heap   total 260096K, used 120529K [0x00000000a0000000, 0x0000000100000000)
  region size 1024K, 95 young (97280K), 2 survivors (2048K)
 Metaspace       used 34553K, capacity 35503K, committed 35632K, reserved 1079296K
  class space    used 4547K, capacity 4898K, committed 4992K, reserved 1048576K
}
Event: 1.626 GC heap after
{Heap after GC invocations=5 (full 0):
 garbage-first heap   total 260096K, used 34870K [0x00000000a0000000, 0x0000000100000000)
  region size 1024K, 9 young (9216K), 9 survivors (9216K)
 Metaspace       used 34553K, capacity 35503K, committed 35632K, reserved 1079296K
  class space    used 4547K, capacity 4898K, committed 4992K, reserved 1048576K
}
Event: 2.260 GC heap before
{Heap before GC invocations=6 (full 0):
 garbage-first heap   total 260096K, used 156726K [0x00000000a0000000, 0x0000000100000000)
  region size 1024K, 126 young (129024K), 9 survivors (9216K)
 Metaspace       used 45316K, capacity 46578K, committed 46664K, reserved 1089536K
  class space    used 5936K, capacity 6391K, committed 6400K, reserved 1048576K
}
Event: 2.266 GC heap after
{Heap after GC invocations=7 (full 0):
 garbage-first heap   total 260096K, used 43016K [0x00000000a0000000, 0x0000000100000000)
  region size 1024K, 16 young (16384K), 16 survivors (16384K)
 Metaspace       used 45316K, capacity 46578K, committed 46664K, reserved 1089536K
  class space    used 5936K, capacity 6391K, committed 6400K, reserved 1048576K
}
Event: 2.721 GC heap before
{Heap before GC invocations=7 (full 0):
 garbage-first heap   total 260096K, used 173064K [0x00000000a0000000, 0x0000000100000000)
  region size 1024K, 141 young (144384K), 16 survivors (16384K)
 Metaspace       used 48706K, capacity 50168K, committed 50504K, reserved 1093632K
  class space    used 6278K, capacity 6810K, committed 6912K, reserved 1048576K
}
Event: 2.727 GC heap after
{Heap after GC invocations=8 (full 0):
 garbage-first heap   total 260096K, used 50586K [0x00000000a0000000, 0x0000000100000000)
  region size 1024K, 13 young (13312K), 13 survivors (13312K)
 Metaspace       used 48706K, capacity 50168K, committed 50504K, reserved 1093632K
  class space    used 6278K, capacity 6810K, committed 6912K, reserved 1048576K
}
Event: 3.351 GC heap before
{Heap before GC invocations=8 (full 0):
 garbage-first heap   total 260096K, used 173466K [0x00000000a0000000, 0x0000000100000000)
  region size 1024K, 130 young (133120K), 13 survivors (13312K)
 Metaspace       used 58000K, capacity 59838K, committed 59976K, reserved 1101824K
  class space    used 7455K, capacity 8067K, committed 8192K, reserved 1048576K
}
Event: 3.362 GC heap after
{Heap after GC invocations=9 (full 0):
 garbage-first heap   total 260096K, used 62738K [0x00000000a0000000, 0x0000000100000000)
  region size 1024K, 14 young (14336K), 14 survivors (14336K)
 Metaspace       used 58000K, capacity 59838K, committed 59976K, reserved 1101824K
  class space    used 7455K, capacity 8067K, committed 8192K, reserved 1048576K
}

Deoptimization events (20 events):
Event: 11.789 Thread 0x000002702e340800 DEOPT PACKING pc=0x000002701e454f4c sp=0x000000c53e8f56b0
Event: 11.789 Thread 0x000002702e340800 DEOPT UNPACKING pc=0x00000270167d83af sp=0x000000c53e8f5660 mode 2
Event: 11.886 Thread 0x000002702e340800 Uncommon trap: trap_request=0xffffff4d fr.pc=0x000002701e34a2a0 relative=0x0000000000000080
Event: 11.886 Thread 0x000002702e340800 Uncommon trap: reason=unstable_if action=reinterpret pc=0x000002701e34a2a0 method=java.lang.CharacterDataLatin1.isWhitespace(I)Z @ 14 c2
Event: 11.886 Thread 0x000002702e340800 DEOPT PACKING pc=0x000002701e34a2a0 sp=0x000000c53e8f5090
Event: 11.886 Thread 0x000002702e340800 DEOPT UNPACKING pc=0x00000270167d83af sp=0x000000c53e8f5000 mode 2
Event: 11.888 Thread 0x000002702e340800 Uncommon trap: trap_request=0xffffff4d fr.pc=0x000002701e339784 relative=0x0000000000000344
Event: 11.888 Thread 0x000002702e340800 Uncommon trap: reason=unstable_if action=reinterpret pc=0x000002701e339784 method=java.lang.StringUTF16.compress([CII)[B @ 13 c2
Event: 11.888 Thread 0x000002702e340800 DEOPT PACKING pc=0x000002701e339784 sp=0x000000c53e8f3750
Event: 11.888 Thread 0x000002702e340800 DEOPT UNPACKING pc=0x00000270167d83af sp=0x000000c53e8f3618 mode 2
Event: 11.896 Thread 0x000002703414b800 Uncommon trap: trap_request=0xffffffcc fr.pc=0x000002701e692224 relative=0x0000000000001dc4
Event: 11.896 Thread 0x000002703414b800 Uncommon trap: reason=intrinsic_or_type_checked_inlining action=make_not_entrant pc=0x000002701e692224 method=java.util.ArrayList$SubList.toArray([Ljava/lang/Object;)[Ljava/lang/Object; @ 58 c2
Event: 11.896 Thread 0x000002703414b800 DEOPT PACKING pc=0x000002701e692224 sp=0x000000c540bfaa30
Event: 11.896 Thread 0x000002703414b800 DEOPT UNPACKING pc=0x00000270167d83af sp=0x000000c540bfa988 mode 2
Event: 11.912 Thread 0x000002702e340800 DEOPT PACKING pc=0x000002701797a158 sp=0x000000c53e8f4f70
Event: 11.913 Thread 0x000002702e340800 DEOPT UNPACKING pc=0x00000270167f7c0e sp=0x000000c53e8f4428 mode 0
Event: 11.915 Thread 0x000002702e340800 DEOPT PACKING pc=0x000002701797a17e sp=0x000000c53e8f4db0
Event: 11.915 Thread 0x000002702e340800 DEOPT UNPACKING pc=0x00000270167f7c0e sp=0x000000c53e8f4268 mode 0
Event: 11.931 Thread 0x000002703414b800 DEOPT PACKING pc=0x0000027017a34bdb sp=0x000000c540bfbd40
Event: 11.931 Thread 0x000002703414b800 DEOPT UNPACKING pc=0x00000270167f7c0e sp=0x000000c540bfb170 mode 0

Classes redefined (0 events):
No events

Internal exceptions (20 events):
Event: 3.124 Thread 0x000002702e340800 Exception <a 'java/lang/ClassNotFoundException'{0x00000000ab328670}: org/gradle/api/internal/project/ProjectScriptBeanInfo> (0x00000000ab328670) thrown at [./src/hotspot/share/classfile/systemDictionary.cpp, line 231]
Event: 3.124 Thread 0x000002702e340800 Exception <a 'java/lang/ClassNotFoundException'{0x00000000ab33ed38}: org/gradle/api/internal/project/ProjectScriptCustomizer> (0x00000000ab33ed38) thrown at [./src/hotspot/share/classfile/systemDictionary.cpp, line 231]
Event: 3.125 Thread 0x000002702e340800 Exception <a 'java/lang/ClassNotFoundException'{0x00000000ab359fb8}: build_crtjm7rtryvuowhisbq1ue6u6Customizer> (0x00000000ab359fb8) thrown at [./src/hotspot/share/classfile/systemDictionary.cpp, line 231]
Event: 3.134 Thread 0x000002702e340800 Exception <a 'java/lang/ClassNotFoundException'{0x00000000aafba630}: org/gradle/api/internal/artifacts/dsl/DefaultRepositoryHandler_DecoratedBeanInfo> (0x00000000aafba630) thrown at [./src/hotspot/share/classfile/systemDictionary.cpp, line 231]
Event: 3.134 Thread 0x000002702e340800 Exception <a 'java/lang/ClassNotFoundException'{0x00000000aaff3448}: org/gradle/api/internal/artifacts/dsl/DefaultRepositoryHandlerBeanInfo> (0x00000000aaff3448) thrown at [./src/hotspot/share/classfile/systemDictionary.cpp, line 231]
Event: 3.135 Thread 0x000002702e340800 Exception <a 'java/lang/ClassNotFoundException'{0x00000000aae2ed28}: org/gradle/api/internal/artifacts/DefaultArtifactRepositoryContainerBeanInfo> (0x00000000aae2ed28) thrown at [./src/hotspot/share/classfile/systemDictionary.cpp, line 231]
Event: 3.135 Thread 0x000002702e340800 Exception <a 'java/lang/ClassNotFoundException'{0x00000000aae58498}: org/gradle/api/internal/DefaultNamedDomainObjectListBeanInfo> (0x00000000aae58498) thrown at [./src/hotspot/share/classfile/systemDictionary.cpp, line 231]
Event: 3.135 Thread 0x000002702e340800 Exception <a 'java/lang/ClassNotFoundException'{0x00000000aae83738}: org/gradle/api/internal/DefaultNamedDomainObjectCollectionBeanInfo> (0x00000000aae83738) thrown at [./src/hotspot/share/classfile/systemDictionary.cpp, line 231]
Event: 3.135 Thread 0x000002702e340800 Exception <a 'java/lang/ClassNotFoundException'{0x00000000aaeadfc8}: org/gradle/api/internal/DefaultDomainObjectCollectionBeanInfo> (0x00000000aaeadfc8) thrown at [./src/hotspot/share/classfile/systemDictionary.cpp, line 231]
Event: 3.135 Thread 0x000002702e340800 Exception <a 'java/lang/ClassNotFoundException'{0x00000000aaed86f8}: org/gradle/api/internal/DefaultDomainObjectCollectionCustomizer> (0x00000000aaed86f8) thrown at [./src/hotspot/share/classfile/systemDictionary.cpp, line 231]
Event: 3.136 Thread 0x000002702e340800 Exception <a 'java/lang/ClassNotFoundException'{0x00000000aad20bd0}: org/gradle/api/internal/DefaultNamedDomainObjectCollectionCustomizer> (0x00000000aad20bd0) thrown at [./src/hotspot/share/classfile/systemDictionary.cpp, line 231]
Event: 3.138 Thread 0x000002702e340800 Exception <a 'java/lang/ClassNotFoundException'{0x00000000aad77548}: org/gradle/api/internal/DefaultNamedDomainObjectListCustomizer> (0x00000000aad77548) thrown at [./src/hotspot/share/classfile/systemDictionary.cpp, line 231]
Event: 3.138 Thread 0x000002702e340800 Exception <a 'java/lang/ClassNotFoundException'{0x00000000aadcbf70}: org/gradle/api/internal/artifacts/DefaultArtifactRepositoryContainerCustomizer> (0x00000000aadcbf70) thrown at [./src/hotspot/share/classfile/systemDictionary.cpp, line 231]
Event: 3.139 Thread 0x000002702e340800 Exception <a 'java/lang/ClassNotFoundException'{0x00000000aac167a0}: org/gradle/api/internal/artifacts/dsl/DefaultRepositoryHandlerCustomizer> (0x00000000aac167a0) thrown at [./src/hotspot/share/classfile/systemDictionary.cpp, line 231]
Event: 3.140 Thread 0x000002702e340800 Exception <a 'java/lang/ClassNotFoundException'{0x00000000aac73790}: org/gradle/api/internal/artifacts/dsl/DefaultRepositoryHandler_DecoratedCustomizer> (0x00000000aac73790) thrown at [./src/hotspot/share/classfile/systemDictionary.cpp, line 231]
Event: 3.216 Thread 0x000002702e340800 Implicit null exception at 0x000002701e2e7f74 to 0x000002701e2e8460
Event: 3.216 Thread 0x000002703414b800 Implicit null exception at 0x000002701e2e7f74 to 0x000002701e2e8460
Event: 3.221 Thread 0x000002702e340800 Implicit null exception at 0x000002701e46c96b to 0x000002701e46c98c
Event: 3.255 Thread 0x000002703414b800 Exception <a 'sun/nio/fs/WindowsException'{0x00000000a96273a8}> (0x00000000a96273a8) thrown at [./src/hotspot/share/prims/jni.cpp, line 615]
Event: 3.258 Thread 0x000002703414b800 Implicit null exception at 0x000002701e54a1ec to 0x000002701e54b230

Events (20 events):
Event: 11.922 Executing VM operation: RevokeBias
Event: 11.923 Executing VM operation: RevokeBias done
Event: 11.929 loading class javax/net/ssl/SSLEngineResult$HandshakeStatus
Event: 11.929 loading class javax/net/ssl/SSLEngineResult$HandshakeStatus done
Event: 11.929 loading class jdk/internal/event/TLSHandshakeEvent
Event: 11.929 loading class jdk/internal/event/TLSHandshakeEvent done
Event: 11.929 loading class org/apache/http/conn/ssl/DefaultHostnameVerifier$HostNameType
Event: 11.929 loading class org/apache/http/conn/ssl/DefaultHostnameVerifier$HostNameType done
Event: 11.930 loading class org/apache/http/conn/ssl/SubjectName
Event: 11.930 loading class org/apache/http/conn/ssl/SubjectName done
Event: 11.930 loading class org/apache/http/conn/ssl/DefaultHostnameVerifier$1
Event: 11.930 loading class org/apache/http/conn/ssl/DefaultHostnameVerifier$1 done
Event: 11.930 loading class org/apache/http/conn/util/DnsUtils
Event: 11.930 loading class org/apache/http/conn/util/DnsUtils done
Event: 11.930 loading class org/apache/http/impl/auth/HttpAuthenticator$1
Event: 11.930 loading class org/apache/http/impl/auth/HttpAuthenticator$1 done
Event: 11.931 loading class org/apache/http/message/BasicListHeaderIterator
Event: 11.931 loading class org/apache/http/message/BasicListHeaderIterator done
Event: 11.931 loading class org/apache/http/FormattedHeader
Event: 11.931 loading class org/apache/http/FormattedHeader done


Dynamic libraries:
0x00007ff676090000 - 0x00007ff67609a000 	C:\Program Files\Android\Android Studio\jre\bin\java.exe
0x00007ffc57cd0000 - 0x00007ffc57ec5000 	C:\Windows\SYSTEM32\ntdll.dll
0x00007ffc55f00000 - 0x00007ffc55fbe000 	C:\Windows\System32\KERNEL32.DLL
0x00007ffc55690000 - 0x00007ffc55958000 	C:\Windows\System32\KERNELBASE.dll
0x00007ffc55a50000 - 0x00007ffc55b50000 	C:\Windows\System32\ucrtbase.dll
0x00007ffc3ce40000 - 0x00007ffc3ce59000 	C:\Program Files\Android\Android Studio\jre\bin\jli.dll
0x00007ffc39530000 - 0x00007ffc39547000 	C:\Program Files\Android\Android Studio\jre\bin\VCRUNTIME140.dll
0x00007ffc562f0000 - 0x00007ffc56490000 	C:\Windows\System32\USER32.dll
0x00007ffc55b50000 - 0x00007ffc55b72000 	C:\Windows\System32\win32u.dll
0x00007ffc34940000 - 0x00007ffc34bda000 	C:\Windows\WinSxS\amd64_microsoft.windows.common-controls_6595b64144ccf1df_6.0.19041.1110_none_60b5254171f9507e\COMCTL32.dll
0x00007ffc56500000 - 0x00007ffc5652b000 	C:\Windows\System32\GDI32.dll
0x00007ffc566f0000 - 0x00007ffc5678e000 	C:\Windows\System32\msvcrt.dll
0x00007ffc55c10000 - 0x00007ffc55d1d000 	C:\Windows\System32\gdi32full.dll
0x00007ffc55960000 - 0x00007ffc559fd000 	C:\Windows\System32\msvcp_win.dll
0x00007ffc56790000 - 0x00007ffc567c0000 	C:\Windows\System32\IMM32.DLL
0x00007ffc2cab0000 - 0x00007ffc2cb4d000 	C:\Program Files\Android\Android Studio\jre\bin\msvcp140.dll
0x00007ffc2cd20000 - 0x00007ffc2d7f5000 	C:\Program Files\Android\Android Studio\jre\bin\server\jvm.dll
0x00007ffc56830000 - 0x00007ffc568de000 	C:\Windows\System32\ADVAPI32.dll
0x00007ffc55e60000 - 0x00007ffc55efc000 	C:\Windows\System32\sechost.dll
0x00007ffc56a90000 - 0x00007ffc56bb5000 	C:\Windows\System32\RPCRT4.dll
0x00007ffc56820000 - 0x00007ffc56828000 	C:\Windows\System32\PSAPI.DLL
0x00007ffc42c80000 - 0x00007ffc42c89000 	C:\Windows\SYSTEM32\WSOCK32.dll
0x00007ffc3fc10000 - 0x00007ffc3fc37000 	C:\Windows\SYSTEM32\WINMM.dll
0x00007ffc50770000 - 0x00007ffc5077a000 	C:\Windows\SYSTEM32\VERSION.dll
0x00007ffc57440000 - 0x00007ffc574ab000 	C:\Windows\System32\WS2_32.dll
0x00007ffc532f0000 - 0x00007ffc53302000 	C:\Windows\SYSTEM32\kernel.appcore.dll
0x00007ffc4c650000 - 0x00007ffc4c661000 	C:\Program Files\Android\Android Studio\jre\bin\verify.dll
0x00007ffc407d0000 - 0x00007ffc409b4000 	C:\Windows\SYSTEM32\DBGHELP.DLL
0x00007ffc40420000 - 0x00007ffc4044c000 	C:\Windows\SYSTEM32\dbgcore.DLL
0x00007ffc55b80000 - 0x00007ffc55c02000 	C:\Windows\System32\bcryptPrimitives.dll
0x00007ffc41580000 - 0x00007ffc415a9000 	C:\Program Files\Android\Android Studio\jre\bin\java.dll
0x00007ffc52ac0000 - 0x00007ffc52acb000 	C:\Program Files\Android\Android Studio\jre\bin\jimage.dll
0x00007ffc4c630000 - 0x00007ffc4c648000 	C:\Program Files\Android\Android Studio\jre\bin\zip.dll
0x00007ffc56cf0000 - 0x00007ffc57434000 	C:\Windows\System32\SHELL32.dll
0x00007ffc534f0000 - 0x00007ffc53c84000 	C:\Windows\SYSTEM32\windows.storage.dll
0x00007ffc574b0000 - 0x00007ffc57805000 	C:\Windows\System32\combase.dll
0x00007ffc54e30000 - 0x00007ffc54e5e000 	C:\Windows\SYSTEM32\Wldp.dll
0x00007ffc55fc0000 - 0x00007ffc5606d000 	C:\Windows\System32\SHCORE.dll
0x00007ffc55e00000 - 0x00007ffc55e55000 	C:\Windows\System32\shlwapi.dll
0x00007ffc55320000 - 0x00007ffc5533f000 	C:\Windows\SYSTEM32\profapi.dll
0x00007ffc41560000 - 0x00007ffc4157a000 	C:\Program Files\Android\Android Studio\jre\bin\net.dll
0x00007ffc4e880000 - 0x00007ffc4e98c000 	C:\Windows\SYSTEM32\WINHTTP.dll
0x00007ffc54b90000 - 0x00007ffc54bfa000 	C:\Windows\system32\mswsock.dll
0x00007ffc41240000 - 0x00007ffc41254000 	C:\Program Files\Android\Android Studio\jre\bin\nio.dll
0x00007ffc389d0000 - 0x00007ffc389f7000 	F:\Android\GRADLE\native\e1d6ef7f7dcc3fd88c89a11ec53ec762bb8ba0a96d01ffa2cd45eb1d1d8dd5c5\windows-amd64\native-platform.dll
0x00007ffc2b310000 - 0x00007ffc2b454000 	F:\Android\GRADLE\native\5664cfc778a61ccfe75a443a1ab52a65af34e5dc3c78e0209fed803814484fcb\windows-amd64\native-platform-file-events.dll
0x00007ffc507b0000 - 0x00007ffc507ba000 	C:\Program Files\Android\Android Studio\jre\bin\management.dll
0x00007ffc41950000 - 0x00007ffc4195d000 	C:\Program Files\Android\Android Studio\jre\bin\management_ext.dll
0x00007ffc54d80000 - 0x00007ffc54d98000 	C:\Windows\SYSTEM32\CRYPTSP.dll
0x00007ffc544a0000 - 0x00007ffc544d4000 	C:\Windows\system32\rsaenh.dll
0x00007ffc55540000 - 0x00007ffc55567000 	C:\Windows\System32\bcrypt.dll
0x00007ffc552e0000 - 0x00007ffc5530e000 	C:\Windows\SYSTEM32\USERENV.dll
0x00007ffc54da0000 - 0x00007ffc54dac000 	C:\Windows\SYSTEM32\CRYPTBASE.dll
0x00007ffc54830000 - 0x00007ffc5486b000 	C:\Windows\SYSTEM32\IPHLPAPI.DLL
0x00007ffc56230000 - 0x00007ffc56238000 	C:\Windows\System32\NSI.dll
0x00007ffc50220000 - 0x00007ffc50237000 	C:\Windows\SYSTEM32\dhcpcsvc6.DLL
0x00007ffc50200000 - 0x00007ffc5021d000 	C:\Windows\SYSTEM32\dhcpcsvc.DLL
0x00007ffc54870000 - 0x00007ffc5493b000 	C:\Windows\SYSTEM32\DNSAPI.dll
0x00007ffc3cf30000 - 0x00007ffc3cf57000 	C:\Program Files\Android\Android Studio\jre\bin\sunec.dll
0x00007ffc4d370000 - 0x00007ffc4d37a000 	C:\Windows\System32\rasadhlp.dll
0x00007ffc4e800000 - 0x00007ffc4e87f000 	C:\Windows\System32\fwpuclnt.dll

dbghelp: loaded successfully - version: 4.0.5 - missing functions: none
symbol engine: initialized successfully - sym options: 0x614 - pdb path: .;C:\Program Files\Android\Android Studio\jre\bin;C:\Windows\SYSTEM32;C:\Windows\WinSxS\amd64_microsoft.windows.common-controls_6595b64144ccf1df_6.0.19041.1110_none_60b5254171f9507e;C:\Program Files\Android\Android Studio\jre\bin\server;F:\Android\GRADLE\native\e1d6ef7f7dcc3fd88c89a11ec53ec762bb8ba0a96d01ffa2cd45eb1d1d8dd5c5\windows-amd64;F:\Android\GRADLE\native\5664cfc778a61ccfe75a443a1ab52a65af34e5dc3c78e0209fed803814484fcb\windows-amd64

VM Arguments:
jvm_args: --add-opens=java.base/java.util=ALL-UNNAMED --add-opens=java.base/java.lang=ALL-UNNAMED --add-opens=java.base/java.lang.invoke=ALL-UNNAMED --add-opens=java.base/java.util=ALL-UNNAMED --add-opens=java.prefs/java.util.prefs=ALL-UNNAMED --add-opens=java.prefs/java.util.prefs=ALL-UNNAMED --add-opens=java.base/java.nio.charset=ALL-UNNAMED --add-opens=java.base/java.net=ALL-UNNAMED --add-opens=java.base/java.util.concurrent.atomic=ALL-UNNAMED -Xmx1536m -Dfile.encoding=windows-1252 -Duser.country=US -Duser.language=en -Duser.variant 
java_command: org.gradle.launcher.daemon.bootstrap.GradleDaemon 7.2
java_class_path (initial): F:\Android\GRADLE\wrapper\dists\gradle-7.2-bin\2dnblmf4td7x66yl1d74lt32g\gradle-7.2\lib\gradle-launcher-7.2.jar
Launcher Type: SUN_STANDARD

[Global flags]
     intx CICompilerCount                          = 4                                         {product} {ergonomic}
     uint ConcGCThreads                            = 3                                         {product} {ergonomic}
     uint G1ConcRefinementThreads                  = 10                                        {product} {ergonomic}
   size_t G1HeapRegionSize                         = 1048576                                   {product} {ergonomic}
    uintx GCDrainStackTargetSize                   = 64                                        {product} {ergonomic}
   size_t InitialHeapSize                          = 266338304                                 {product} {ergonomic}
   size_t MarkStackSize                            = 4194304                                   {product} {ergonomic}
   size_t MaxHeapSize                              = 1610612736                                {product} {command line}
   size_t MaxNewSize                               = 965738496                                 {product} {ergonomic}
   size_t MinHeapDeltaBytes                        = 1048576                                   {product} {ergonomic}
    uintx NonNMethodCodeHeapSize                   = 5836300                                {pd product} {ergonomic}
    uintx NonProfiledCodeHeapSize                  = 122910970                              {pd product} {ergonomic}
    uintx ProfiledCodeHeapSize                     = 122910970                              {pd product} {ergonomic}
    uintx ReservedCodeCacheSize                    = 251658240                              {pd product} {ergonomic}
     bool SegmentedCodeCache                       = true                                      {product} {ergonomic}
     bool UseCompressedClassPointers               = true                                 {lp64_product} {ergonomic}
     bool UseCompressedOops                        = true                                 {lp64_product} {ergonomic}
     bool UseG1GC                                  = true                                      {product} {ergonomic}
     bool UseLargePagesIndividualAllocation        = false                                  {pd product} {ergonomic}

Logging:
Log output configuration:
 #0: stdout all=warning uptime,level,tags
 #1: stderr all=off uptime,level,tags

Environment Variables:
PATH=C:\Program Files\Common Files\Oracle\Java\javapath;C:\Windows\system32;C:\Windows;C:\Windows\System32\Wbem;C:\Windows\System32\WindowsPowerShell\v1.0\;C:\Windows\System32\OpenSSH\;C:\Program Files\Git\cmd;F:\buildtools\gradle-7.2\bin;C:\Users\Nurujjaman Pollob\AppData\Local\Microsoft\WindowsApps;;C:\Program Files\JetBrains\IntelliJ IDEA 2021.2.3\bin;;C:\Program Files (x86)\Brackets\
USERNAME=Nurujjaman Pollob
OS=Windows_NT
PROCESSOR_IDENTIFIER=Intel64 Family 6 Model 167 Stepping 1, GenuineIntel



---------------  S Y S T E M  ---------------

OS: Windows 10 , 64 bit Build 19041 (10.0.19041.1503)
OS uptime: 0 days 1:01 hours

CPU:total 12 (initial active 12) (6 cores per cpu, 2 threads per core) family 6 model 167 stepping 1 microcode 0x3c, cmov, cx8, fxsr, mmx, sse, sse2, sse3, ssse3, sse4.1, sse4.2, popcnt, avx, avx2, aes, clmul, erms, 3dnowpref, lzcnt, ht, tsc, tscinvbit, bmi1, bmi2, adx, evex, sha, fma

Memory: 4k page, system-wide physical 16149M (4331M free)
TotalPageFile size 28571M (AvailPageFile size 5M)
current process WorkingSet (physical memory assigned to process): 394M, peak: 408M
current process commit charge ("private bytes"): 488M, peak: 501M

vm_info: OpenJDK 64-Bit Server VM (11.0.11+9-b60-7590822) for windows-amd64 JRE (11.0.11+9-b60-7590822), built on Jul 29 2021 21:43:44 by "builder" with MS VC++ 14.0 (VS2015)

END.
